Received JSON: {"contactNumber":"+1639293123923","email":"christian@gmail.com","facebookName":"Christian","fullname":"Christian Mondala","homeAddress":"Pangasinan","password":"123456789"}
Received JSON: {
    "email": "test@gmail.com",
    "password": "password123"
}
Received JSON: {
    "email": "test@gmail.com",
    "password": "password123"
}
Received JSON: {"contactNumber":"09787878798","email":"sample@gmail.com","facebookName":"sample","fullname":"sample","homeAddress":"sample","password":"sample123"}
Received JSON: {"contactNumber":"09767647623","email":"sample@gmail.com","facebookName":"sample","fullname":"sample","homeAddress":"sample","password":"123123123"}
Received JSON: {"contactNumber":"09767647623","email":"sample@gmail.com","facebookName":"sample","fullname":"sample","homeAddress":"sample","password":"123123123"}
Received JSON: {"contactNumber":"09767647623","email":"sample@gmail.com","facebookName":"sample","fullname":"sample","homeAddress":"sample","password":"123123123"}
Received JSON: {"contactNumber":"09767647623","email":"sample@gmail.com","facebookName":"sample","fullname":"sample","homeAddress":"sample","password":"123123123"}
Received JSON: {"contactNumber":"09213123123","email":"sample@gmail.com","facebookName":"sample","fullname":"sample","homeAddress":"sample","password":"123123123"}
Received JSON: {"contactNumber":"09123123123","email":"sample@gmail.com","facebookName":"sample","fullname":"sample","homeAddress":"sample","password":"123123123"}
Received JSON: {"contactNumber":"09767868768","email":"test@gmail.com","facebookName":"testing","fullname":"test","homeAddress":"test","password":"123123123"}
Received JSON: {"contactNumber":"09123123123","email":"test@gmail.com","facebookName":"test","fullname":"test","homeAddress":"test","password":"123123123"}
Received JSON: {"contactNumber":"09123123123","email":"sample@gmail.com","facebookName":"sample","fullname":"sample","homeAddress":"sample","password":"123123123"}
Received JSON: {"contactNumber":"09123123123","email":"sample@gmail.com","facebookName":"sample","fullname":"sample","homeAddress":"sample","password":"123123123"}
Received JSON: {"contactNumber":"09123123123","email":"sample@gmail.com","facebookName":"sample","fullname":"sample","homeAddress":"sample","password":"123123123"}
Received JSON: {"contactNumber":"09123123324","email":"test@gmail.com","facebookName":"test","fullname":"test","homeAddress":"test","password":"123123123"}
Received JSON: {"contactNumber":"09434564324","email":"keith@gmail.com","facebookName":"keith ardee lazo","fullname":"keith","homeAddress":"test","password":"123123123"}
Received JSON: {"contactNumber":"09123454323","email":"keith@gmail.com","facebookName":"keith ardee lazo","fullname":"keith ardee lazo","homeAddress":"sample","password":"123123123"}
Received JSON: {"contactNumber":"09123454323","email":"keith@gmail.com","facebookName":"keith ardee lazo","fullname":"keith ardee lazo","homeAddress":"sample","password":"123123123"}
Received JSON: {"contactNumber":"09125643256","email":"keith@gmail.com","facebookName":"keith","fullname":"keith ardee lazo","homeAddress":"test","password":"123123123"}
Received JSON: {"contactNumber":"09124354242","email":"keith@gmail.com","facebookName":"adwads","fullname":"keith","homeAddress":"asdwad","password":"123123123"}
Received JSON: {"contactNumber":"09124354242","email":"keith@gmail.com","facebookName":"adwads","fullname":"keith","homeAddress":"asdwad","password":"123123123"}
Received JSON: {"contactNumber":"09124354242","email":"keith@gmail.com","facebookName":"adwads","fullname":"keith","homeAddress":"asdwad","password":"123123123"}
Received JSON: {"contactNumber":"09124354242","email":"keith@gmail.com","facebookName":"adwads","fullname":"keith","homeAddress":"asdwad","password":"123123123"}
Received JSON: {"contactNumber":"09124354242","email":"keith@gmail.com","facebookName":"adwads","fullname":"keith","homeAddress":"asdwad","password":"123123123"}
Received JSON: {"contactNumber":"09123465321","email":"sample@gmail.com","facebookName":"asdwa","fullname":"sample","homeAddress":"dasdwa","password":"123123123"}
Received JSON: {"contactNumber":"09654324567","email":"test@gmail.com","facebookName":"test","fullname":"test","homeAddress":"test","password":"123123123"}
Received JSON: {"contactNumber":"09125675432","email":"test@gmail.com","facebookName":"asdgaugdhasg","fullname":"test","homeAddress":"uagsuifau","password":"123123123"}
Received JSON: {"contactNumber":"09124324324","email":"sample@gmail.com","facebookName":"sample","fullname":"sample","homeAddress":"ajsijdh","password":"123123123"}
Received JSON: {"contactNumber":"09124353534","email":"keith@gmail.com","facebookName":"asdes","fullname":"keith Ardee lazo","homeAddress":"adasdwa","password":"123123123"}
Received JSON: {"contactNumber":"09565768908","email":"test@gmail.com","facebookName":"asfdashdg","fullname":"test","homeAddress":"ahsgfdtyad","password":"123123123"}
Received JSON: {"contactNumber":"09256778675","email":"ardee@gmail.com","facebookName":"dasdad","fullname":"ardee","homeAddress":"awdasdwa","password":"123123123"}
Received JSON: {"contactNumber":"09876578887","email":"test1@gmail.com","facebookName":"hgfhjasgd","fullname":"andong","homeAddress":"iauygsfgdvbja","password":"123123123"}
Received JSON: {"contactNumber":"09654795787","email":"rico@gmail.com","facebookName":"RGRGRGRGRG","fullname":"Rico","homeAddress":"dagupan","password":"123123123"}
Received JSON: {"contactNumber":"09234565435","email":"test@gmail.com","facebookName":"https://www.facebook.com/ardeekeith.lazo","fullname":"test","homeAddress":"asdwad","password":"123123123"}
Received JSON: {"contactNumber":"09876578654","email":"sample@gmail.com","facebookName":"https://www.facebook.com/asdwasd","fullname":"sample","homeAddress":"asdwasd","password":"123123123"}
Received JSON: {"contactNumber":"09456754356","email":"sample@gmail.com","facebookName":"https://www.facebook.com/fdf4rwefsd","fullname":"sample","homeAddress":"sample","password":"123123123"}
Received JSON: {"contactNumber":"09546743554","email":"test@gmail.com","facebookName":"https://www.facebook.com/ardeekeith.lazo","fullname":"test","homeAddress":"dagupan","password":"123123123"}
Received JSON: {"contactNumber":"09657545345","email":"sample@gmail.com","facebookName":"https://www.facebook.com/jowne.enrique.11","fullname":"sample","homeAddress":"aisgdha","password":"123123123"}
Received JSON: {"contactNumber":"09123345325","email":"sample@gmail.com","facebookName":"https://www.facebook.com/ardeekeith.lazo","fullname":"sample","homeAddress":"Dagupan","password":"123123123"}
Received JSON: {"contactNumber":"09876546787","email":"test@gmail.com","facebookName":"https://www.facebook.com/ardeekeith.lazo","fullname":"test","homeAddress":"asdwad","password":"123123123"}
Received JSON: {"contactNumber":"09123345325","email":"sample@gmail.com","facebookName":"https://www.facebook.com/ardeekeith.lazo","fullname":"sample","homeAddress":"Dagupan","password":"123123123"}
Received JSON: {"contactNumber":"09123345325","email":"sample@gmail.com","facebookName":"https://www.facebook.com/ardeekeith.lazo","fullname":"sample","homeAddress":"Dagupan","password":"123123123"}
Received JSON: {"contactNumber":"09123345325","email":"sample@gmail.com","facebookName":"https://www.facebook.com/ardeekeith.lazo","fullname":"sample","homeAddress":"Dagupan","password":"123123123"}
Received JSON: {"contactNumber":"09123345325","email":"sample@gmail.com","facebookName":"https://www.facebook.com/ardeekeith.lazo","fullname":"sample","homeAddress":"Dagupan","password":"123123123"}
Received JSON: {"contactNumber":"09123345325","email":"sample@gmail.com","facebookName":"https://www.facebook.com/ardeekeith.lazo","fullname":"sample","homeAddress":"Dagupan","password":"123123123"}
Received JSON: {"contactNumber":"09123345325","email":"sample@gmail.com","facebookName":"https://www.facebook.com/ardeekeith.lazo","fullname":"sample","homeAddress":"Malasiqui","password":"123123123"}
Received JSON: {"contactNumber":"09123345325","email":"keith@gmail.com","facebookName":"https://www.facebook.com/ardeekeith.lazo","fullname":"sample","homeAddress":"Malasiqui","password":"123123123"}
Received JSON: {"contactNumber":"09123123123","email":"sample@gmail.com","facebookName":"https://www.facebook.com/ardeekeith.lazo","fullname":"sample","homeAddress":"Dagupan","password":"123123123"}
Received JSON: {"contactNumber":"09123123123","email":"sample@gmail.com","facebookName":"https://www.facebook.com/ardeekeith.lazo","fullname":"test","homeAddress":"Dagupan","password":"123123123"}
Received JSON: {"contactNumber":"09123123123","email":"sample@gmail.com","facebookName":"https://www.facebook.com/ardeekeith.lazo","fullname":"test","homeAddress":"Dagupan","password":"123123123"}
Received JSON: {"contactNumber":"09123123123","email":"sample@gmail.com","facebookName":"https://www.facebook.com/ardeekeith.lazo","fullname":"test","homeAddress":"Dagupan","password":"123123123"}
Received JSON: {"contactNumber":"09123123125","email":"sample@gmail.com","facebookName":"https://www.facebook.com/ardeekeith.lazo","fullname":"test","homeAddress":"Dagupan","password":"123123123"}
Received JSON: {"contactNumber":"09123123123","email":"sample@gmail.com","facebookName":"https://www.facebook.com/ardeekeith.lazo","fullname":"sample","homeAddress":"Dagupan","password":"123123123"}
Received JSON: {"contactNumber":"09123123123","email":"test@gmail.com","facebookName":"https://www.facebook.com/ardeekeith.lazo","fullname":"test","homeAddress":"Dagupan","password":"123123123"}
Received JSON: {"contactNumber":"09987657899","email":"test@gmail.com","facebookName":"https://www.facebook.com/ardeekeith.lazo","fullname":"test","homeAddress":"Dagupan","password":"123123123"}
Received JSON: {"contactNumber":"09234567543","email":"test@gmail.com","facebookName":"https://www.facebook.com/ardeekeith.lazo","fullname":"test","homeAddress":"asdwa","password":"123123123"}
Received JSON: {"contactNumber":"09124546423","email":"test@gmail.com","facebookName":"https://www.facebook.com/ardeekeith.lazo","fullname":"test","homeAddress":"test","password":"123123123"}
Received JSON: {"contactNumber":"09122343243","email":"sample@gmail.com","facebookName":"https://www.facebook.com/ardeekeith.lazo","fullname":"sample","homeAddress":"awdas","password":"123123123"}
Received JSON: {"contactNumber":"09456776578","email":"test@gmail.com","facebookName":"https://www.facebook.com/ardeekeith.lazo","fullname":"test","homeAddress":"awd","password":"123123123"}
Received JSON: {"contactNumber":"09654787978","email":"sample@gmail.com","facebookName":"https://www.facebook.com/ardeekeith.lazo","fullname":"sample","homeAddress":"Dagupan","password":"123123123"}
Received JSON: 
Received JSON: {
  "fullname": "Gray",
  "email": "gray@gmail.com",
  "contactNumber": "0909090909",
  "facebookName": "Keith Ardee",
  "homeAddress": "Dagupan",
  "password": "123123123"
}
Received JSON: {"contactNumber":"09787657878","email":"test@gmail.com","facebookName":"https://www.facebook.com/ardeekeith.lazo","fullname":"test","homeAddress":"gupaDa","password":"123123123"}
Received JSON: {"contactNumber":"09564535465","email":"sample@gmail.com","facebookName":"https://www.facebook.com/ardeekeith.lazo","fullname":"sample","homeAddress":"Dagupan","password":"123123123"}
Received JSON: {"contactNumber":"09876546579","email":"test1@gmail.com","facebookName":"https://www.facebook.com/ardeekeith.lazo","fullname":"test1","homeAddress":"Dagupan","password":"123123123"}
Received JSON: {"contactNumber":"09564356754","email":"test@gmail.com","facebookName":"https://www.facebook.com/ardeekeith.lazo","fullname":"test","homeAddress":"Dagupan","password":"123123123"}
Received JSON: {"contactNumber":"09235469876","email":"asd@gmail.com","facebookName":"https://www.facebook.com/ardeekeith.lazo","fullname":"asd","homeAddress":"asdwa","password":"123123123"}
